CRITICAL - 2022-05-07 02:18:57 --> Undefined array key "nama"
#0 C:\xampp\htdocs\kkp_login\app\Views\m_penelitian\monev_penelitian.php(325): CodeIgniter\Debug\Exceptions->errorHandler(2, 'Undefined array...', 'C:\\xampp\\htdocs...', 325)
#1 C:\xampp\htdocs\kkp_login\system\View\View.php(210): include('C:\\xampp\\htdocs...')
#2 C:\xampp\htdocs\kkp_login\system\View\View.php(213): CodeIgniter\View\View->CodeIgniter\View\{closure}()
#3 C:\xampp\htdocs\kkp_login\system\Common.php(1089): CodeIgniter\View\View->render('m_penelitian/mo...', Array, true)
#4 C:\xampp\htdocs\kkp_login\app\Controllers\Backend.php(34): view('m_penelitian/mo...', Array)
#5 C:\xampp\htdocs\kkp_login\system\CodeIgniter.php(832): App\Controllers\Backend->monev_penelitian()
#6 C:\xampp\htdocs\kkp_login\system\CodeIgniter.php(419): CodeIgniter\CodeIgniter->runController(Object(App\Controllers\Backend))
#7 C:\xampp\htdocs\kkp_login\system\CodeIgniter.php(326): CodeIgniter\CodeIgniter->handleRequest(NULL, Object(Config\Cache), false)
#8 C:\xampp\htdocs\kkp_login\index.php(37): CodeIgniter\CodeIgniter->run()
#9 {main}
CRITICAL - 2022-05-07 02:21:35 --> Too few arguments to function App\Controllers\Backend::monev_penelitian(), 0 passed in C:\xampp\htdocs\kkp_login\system\CodeIgniter.php on line 832 and exactly 1 expected
#0 C:\xampp\htdocs\kkp_login\system\CodeIgniter.php(832): App\Controllers\Backend->monev_penelitian()
#1 C:\xampp\htdocs\kkp_login\system\CodeIgniter.php(419): CodeIgniter\CodeIgniter->runController(Object(App\Controllers\Backend))
#2 C:\xampp\htdocs\kkp_login\system\CodeIgniter.php(326): CodeIgniter\CodeIgniter->handleRequest(NULL, Object(Config\Cache), false)
#3 C:\xampp\htdocs\kkp_login\index.php(37): CodeIgniter\CodeIgniter->run()
#4 {main}
CRITICAL - 2022-05-07 02:26:04 --> Undefined variable $file
#0 C:\xampp\htdocs\kkp_login\app\Views\m_penelitian\monev_penelitian.php(325): CodeIgniter\Debug\Exceptions->errorHandler(2, 'Undefined varia...', 'C:\\xampp\\htdocs...', 325)
#1 C:\xampp\htdocs\kkp_login\system\View\View.php(210): include('C:\\xampp\\htdocs...')
#2 C:\xampp\htdocs\kkp_login\system\View\View.php(213): CodeIgniter\View\View->CodeIgniter\View\{closure}()
#3 C:\xampp\htdocs\kkp_login\system\Common.php(1089): CodeIgniter\View\View->render('m_penelitian/mo...', Array, true)
#4 C:\xampp\htdocs\kkp_login\app\Controllers\Backend.php(35): view('m_penelitian/mo...', Array)
#5 C:\xampp\htdocs\kkp_login\system\CodeIgniter.php(832): App\Controllers\Backend->monev_penelitian()
#6 C:\xampp\htdocs\kkp_login\system\CodeIgniter.php(419): CodeIgniter\CodeIgniter->runController(Object(App\Controllers\Backend))
#7 C:\xampp\htdocs\kkp_login\system\CodeIgniter.php(326): CodeIgniter\CodeIgniter->handleRequest(NULL, Object(Config\Cache), false)
#8 C:\xampp\htdocs\kkp_login\index.php(37): CodeIgniter\CodeIgniter->run()
#9 {main}
CRITICAL - 2022-05-07 02:41:28 --> Undefined array key "nama"
#0 C:\xampp\htdocs\kkp_login\app\Views\m_penelitian\monev_penelitian.php(406): CodeIgniter\Debug\Exceptions->errorHandler(2, 'Undefined array...', 'C:\\xampp\\htdocs...', 406)
#1 C:\xampp\htdocs\kkp_login\system\View\View.php(210): include('C:\\xampp\\htdocs...')
#2 C:\xampp\htdocs\kkp_login\system\View\View.php(213): CodeIgniter\View\View->CodeIgniter\View\{closure}()
#3 C:\xampp\htdocs\kkp_login\system\Common.php(1089): CodeIgniter\View\View->render('m_penelitian/mo...', Array, true)
#4 C:\xampp\htdocs\kkp_login\app\Controllers\Backend.php(35): view('m_penelitian/mo...', Array)
#5 C:\xampp\htdocs\kkp_login\system\CodeIgniter.php(832): App\Controllers\Backend->monev_penelitian()
#6 C:\xampp\htdocs\kkp_login\system\CodeIgniter.php(419): CodeIgniter\CodeIgniter->runController(Object(App\Controllers\Backend))
#7 C:\xampp\htdocs\kkp_login\system\CodeIgniter.php(326): CodeIgniter\CodeIgniter->handleRequest(NULL, Object(Config\Cache), false)
#8 C:\xampp\htdocs\kkp_login\index.php(37): CodeIgniter\CodeIgniter->run()
#9 {main}
CRITICAL - 2022-05-07 02:44:15 --> Undefined array key "nama"
#0 C:\xampp\htdocs\kkp_login\app\Views\m_penelitian\monev_penelitian.php(406): CodeIgniter\Debug\Exceptions->errorHandler(2, 'Undefined array...', 'C:\\xampp\\htdocs...', 406)
#1 C:\xampp\htdocs\kkp_login\system\View\View.php(210): include('C:\\xampp\\htdocs...')
#2 C:\xampp\htdocs\kkp_login\system\View\View.php(213): CodeIgniter\View\View->CodeIgniter\View\{closure}()
#3 C:\xampp\htdocs\kkp_login\system\Common.php(1089): CodeIgniter\View\View->render('m_penelitian/mo...', Array, true)
#4 C:\xampp\htdocs\kkp_login\app\Controllers\Backend.php(35): view('m_penelitian/mo...', Array)
#5 C:\xampp\htdocs\kkp_login\system\CodeIgniter.php(832): App\Controllers\Backend->monev_penelitian()
#6 C:\xampp\htdocs\kkp_login\system\CodeIgniter.php(419): CodeIgniter\CodeIgniter->runController(Object(App\Controllers\Backend))
#7 C:\xampp\htdocs\kkp_login\system\CodeIgniter.php(326): CodeIgniter\CodeIgniter->handleRequest(NULL, Object(Config\Cache), false)
#8 C:\xampp\htdocs\kkp_login\index.php(37): CodeIgniter\CodeIgniter->run()
#9 {main}
CRITICAL - 2022-05-07 04:56:10 --> Undefined variable $row
#0 C:\xampp\htdocs\kkp_login\app\Views\m_penelitian\monev_penelitian.php(336): CodeIgniter\Debug\Exceptions->errorHandler(2, 'Undefined varia...', 'C:\\xampp\\htdocs...', 336)
#1 C:\xampp\htdocs\kkp_login\system\View\View.php(210): include('C:\\xampp\\htdocs...')
#2 C:\xampp\htdocs\kkp_login\system\View\View.php(213): CodeIgniter\View\View->CodeIgniter\View\{closure}()
#3 C:\xampp\htdocs\kkp_login\system\Common.php(1089): CodeIgniter\View\View->render('m_penelitian/mo...', Array, true)
#4 C:\xampp\htdocs\kkp_login\app\Controllers\Backend.php(35): view('m_penelitian/mo...', Array)
#5 C:\xampp\htdocs\kkp_login\system\CodeIgniter.php(832): App\Controllers\Backend->monev_penelitian()
#6 C:\xampp\htdocs\kkp_login\system\CodeIgniter.php(419): CodeIgniter\CodeIgniter->runController(Object(App\Controllers\Backend))
#7 C:\xampp\htdocs\kkp_login\system\CodeIgniter.php(326): CodeIgniter\CodeIgniter->handleRequest(NULL, Object(Config\Cache), false)
#8 C:\xampp\htdocs\kkp_login\index.php(37): CodeIgniter\CodeIgniter->run()
#9 {main}
CRITICAL - 2022-05-07 04:56:15 --> Undefined variable $row
#0 C:\xampp\htdocs\kkp_login\app\Views\m_penelitian\monev_penelitian.php(336): CodeIgniter\Debug\Exceptions->errorHandler(2, 'Undefined varia...', 'C:\\xampp\\htdocs...', 336)
#1 C:\xampp\htdocs\kkp_login\system\View\View.php(210): include('C:\\xampp\\htdocs...')
#2 C:\xampp\htdocs\kkp_login\system\View\View.php(213): CodeIgniter\View\View->CodeIgniter\View\{closure}()
#3 C:\xampp\htdocs\kkp_login\system\Common.php(1089): CodeIgniter\View\View->render('m_penelitian/mo...', Array, true)
#4 C:\xampp\htdocs\kkp_login\app\Controllers\Backend.php(35): view('m_penelitian/mo...', Array)
#5 C:\xampp\htdocs\kkp_login\system\CodeIgniter.php(832): App\Controllers\Backend->monev_penelitian()
#6 C:\xampp\htdocs\kkp_login\system\CodeIgniter.php(419): CodeIgniter\CodeIgniter->runController(Object(App\Controllers\Backend))
#7 C:\xampp\htdocs\kkp_login\system\CodeIgniter.php(326): CodeIgniter\CodeIgniter->handleRequest(NULL, Object(Config\Cache), false)
#8 C:\xampp\htdocs\kkp_login\index.php(37): CodeIgniter\CodeIgniter->run()
#9 {main}
CRITICAL - 2022-05-07 04:57:02 --> Undefined variable $row
#0 C:\xampp\htdocs\kkp_login\app\Views\m_penelitian\monev_penelitian.php(336): CodeIgniter\Debug\Exceptions->errorHandler(2, 'Undefined varia...', 'C:\\xampp\\htdocs...', 336)
#1 C:\xampp\htdocs\kkp_login\system\View\View.php(210): include('C:\\xampp\\htdocs...')
#2 C:\xampp\htdocs\kkp_login\system\View\View.php(213): CodeIgniter\View\View->CodeIgniter\View\{closure}()
#3 C:\xampp\htdocs\kkp_login\system\Common.php(1089): CodeIgniter\View\View->render('m_penelitian/mo...', Array, true)
#4 C:\xampp\htdocs\kkp_login\app\Controllers\Backend.php(35): view('m_penelitian/mo...', Array)
#5 C:\xampp\htdocs\kkp_login\system\CodeIgniter.php(832): App\Controllers\Backend->monev_penelitian()
#6 C:\xampp\htdocs\kkp_login\system\CodeIgniter.php(419): CodeIgniter\CodeIgniter->runController(Object(App\Controllers\Backend))
#7 C:\xampp\htdocs\kkp_login\system\CodeIgniter.php(326): CodeIgniter\CodeIgniter->handleRequest(NULL, Object(Config\Cache), false)
#8 C:\xampp\htdocs\kkp_login\index.php(37): CodeIgniter\CodeIgniter->run()
#9 {main}
CRITICAL - 2022-05-07 04:57:06 --> Undefined variable $row
#0 C:\xampp\htdocs\kkp_login\app\Views\m_penelitian\monev_penelitian.php(336): CodeIgniter\Debug\Exceptions->errorHandler(2, 'Undefined varia...', 'C:\\xampp\\htdocs...', 336)
#1 C:\xampp\htdocs\kkp_login\system\View\View.php(210): include('C:\\xampp\\htdocs...')
#2 C:\xampp\htdocs\kkp_login\system\View\View.php(213): CodeIgniter\View\View->CodeIgniter\View\{closure}()
#3 C:\xampp\htdocs\kkp_login\system\Common.php(1089): CodeIgniter\View\View->render('m_penelitian/mo...', Array, true)
#4 C:\xampp\htdocs\kkp_login\app\Controllers\Backend.php(35): view('m_penelitian/mo...', Array)
#5 C:\xampp\htdocs\kkp_login\system\CodeIgniter.php(832): App\Controllers\Backend->monev_penelitian()
#6 C:\xampp\htdocs\kkp_login\system\CodeIgniter.php(419): CodeIgniter\CodeIgniter->runController(Object(App\Controllers\Backend))
#7 C:\xampp\htdocs\kkp_login\system\CodeIgniter.php(326): CodeIgniter\CodeIgniter->handleRequest(NULL, Object(Config\Cache), false)
#8 C:\xampp\htdocs\kkp_login\index.php(37): CodeIgniter\CodeIgniter->run()
#9 {main}
CRITICAL - 2022-05-07 04:58:37 --> Undefined variable $row
#0 C:\xampp\htdocs\kkp_login\app\Views\m_penelitian\monev_penelitian.php(371): CodeIgniter\Debug\Exceptions->errorHandler(2, 'Undefined varia...', 'C:\\xampp\\htdocs...', 371)
#1 C:\xampp\htdocs\kkp_login\system\View\View.php(210): include('C:\\xampp\\htdocs...')
#2 C:\xampp\htdocs\kkp_login\system\View\View.php(213): CodeIgniter\View\View->CodeIgniter\View\{closure}()
#3 C:\xampp\htdocs\kkp_login\system\Common.php(1089): CodeIgniter\View\View->render('m_penelitian/mo...', Array, true)
#4 C:\xampp\htdocs\kkp_login\app\Controllers\Backend.php(35): view('m_penelitian/mo...', Array)
#5 C:\xampp\htdocs\kkp_login\system\CodeIgniter.php(832): App\Controllers\Backend->monev_penelitian()
#6 C:\xampp\htdocs\kkp_login\system\CodeIgniter.php(419): CodeIgniter\CodeIgniter->runController(Object(App\Controllers\Backend))
#7 C:\xampp\htdocs\kkp_login\system\CodeIgniter.php(326): CodeIgniter\CodeIgniter->handleRequest(NULL, Object(Config\Cache), false)
#8 C:\xampp\htdocs\kkp_login\index.php(37): CodeIgniter\CodeIgniter->run()
#9 {main}
CRITICAL - 2022-05-07 04:59:58 --> Undefined variable $row
#0 C:\xampp\htdocs\kkp_login\app\Views\m_penelitian\monev_penelitian.php(371): CodeIgniter\Debug\Exceptions->errorHandler(2, 'Undefined varia...', 'C:\\xampp\\htdocs...', 371)
#1 C:\xampp\htdocs\kkp_login\system\View\View.php(210): include('C:\\xampp\\htdocs...')
#2 C:\xampp\htdocs\kkp_login\system\View\View.php(213): CodeIgniter\View\View->CodeIgniter\View\{closure}()
#3 C:\xampp\htdocs\kkp_login\system\Common.php(1089): CodeIgniter\View\View->render('m_penelitian/mo...', Array, true)
#4 C:\xampp\htdocs\kkp_login\app\Controllers\Backend.php(35): view('m_penelitian/mo...', Array)
#5 C:\xampp\htdocs\kkp_login\system\CodeIgniter.php(832): App\Controllers\Backend->monev_penelitian()
#6 C:\xampp\htdocs\kkp_login\system\CodeIgniter.php(419): CodeIgniter\CodeIgniter->runController(Object(App\Controllers\Backend))
#7 C:\xampp\htdocs\kkp_login\system\CodeIgniter.php(326): CodeIgniter\CodeIgniter->handleRequest(NULL, Object(Config\Cache), false)
#8 C:\xampp\htdocs\kkp_login\index.php(37): CodeIgniter\CodeIgniter->run()
#9 {main}
CRITICAL - 2022-05-07 05:00:46 --> Undefined variable $row
#0 C:\xampp\htdocs\kkp_login\app\Views\m_penelitian\monev_penelitian.php(374): CodeIgniter\Debug\Exceptions->errorHandler(2, 'Undefined varia...', 'C:\\xampp\\htdocs...', 374)
#1 C:\xampp\htdocs\kkp_login\system\View\View.php(210): include('C:\\xampp\\htdocs...')
#2 C:\xampp\htdocs\kkp_login\system\View\View.php(213): CodeIgniter\View\View->CodeIgniter\View\{closure}()
#3 C:\xampp\htdocs\kkp_login\system\Common.php(1089): CodeIgniter\View\View->render('m_penelitian/mo...', Array, true)
#4 C:\xampp\htdocs\kkp_login\app\Controllers\Backend.php(35): view('m_penelitian/mo...', Array)
#5 C:\xampp\htdocs\kkp_login\system\CodeIgniter.php(832): App\Controllers\Backend->monev_penelitian()
#6 C:\xampp\htdocs\kkp_login\system\CodeIgniter.php(419): CodeIgniter\CodeIgniter->runController(Object(App\Controllers\Backend))
#7 C:\xampp\htdocs\kkp_login\system\CodeIgniter.php(326): CodeIgniter\CodeIgniter->handleRequest(NULL, Object(Config\Cache), false)
#8 C:\xampp\htdocs\kkp_login\index.php(37): CodeIgniter\CodeIgniter->run()
#9 {main}
CRITICAL - 2022-05-07 05:01:06 --> Undefined variable $row
#0 C:\xampp\htdocs\kkp_login\app\Views\m_penelitian\monev_penelitian.php(379): CodeIgniter\Debug\Exceptions->errorHandler(2, 'Undefined varia...', 'C:\\xampp\\htdocs...', 379)
#1 C:\xampp\htdocs\kkp_login\system\View\View.php(210): include('C:\\xampp\\htdocs...')
#2 C:\xampp\htdocs\kkp_login\system\View\View.php(213): CodeIgniter\View\View->CodeIgniter\View\{closure}()
#3 C:\xampp\htdocs\kkp_login\system\Common.php(1089): CodeIgniter\View\View->render('m_penelitian/mo...', Array, true)
#4 C:\xampp\htdocs\kkp_login\app\Controllers\Backend.php(35): view('m_penelitian/mo...', Array)
#5 C:\xampp\htdocs\kkp_login\system\CodeIgniter.php(832): App\Controllers\Backend->monev_penelitian()
#6 C:\xampp\htdocs\kkp_login\system\CodeIgniter.php(419): CodeIgniter\CodeIgniter->runController(Object(App\Controllers\Backend))
#7 C:\xampp\htdocs\kkp_login\system\CodeIgniter.php(326): CodeIgniter\CodeIgniter->handleRequest(NULL, Object(Config\Cache), false)
#8 C:\xampp\htdocs\kkp_login\index.php(37): CodeIgniter\CodeIgniter->run()
#9 {main}
CRITICAL - 2022-05-07 05:01:16 --> Undefined variable $row
#0 C:\xampp\htdocs\kkp_login\app\Views\m_penelitian\monev_penelitian.php(378): CodeIgniter\Debug\Exceptions->errorHandler(2, 'Undefined varia...', 'C:\\xampp\\htdocs...', 378)
#1 C:\xampp\htdocs\kkp_login\system\View\View.php(210): include('C:\\xampp\\htdocs...')
#2 C:\xampp\htdocs\kkp_login\system\View\View.php(213): CodeIgniter\View\View->CodeIgniter\View\{closure}()
#3 C:\xampp\htdocs\kkp_login\system\Common.php(1089): CodeIgniter\View\View->render('m_penelitian/mo...', Array, true)
#4 C:\xampp\htdocs\kkp_login\app\Controllers\Backend.php(35): view('m_penelitian/mo...', Array)
#5 C:\xampp\htdocs\kkp_login\system\CodeIgniter.php(832): App\Controllers\Backend->monev_penelitian()
#6 C:\xampp\htdocs\kkp_login\system\CodeIgniter.php(419): CodeIgniter\CodeIgniter->runController(Object(App\Controllers\Backend))
#7 C:\xampp\htdocs\kkp_login\system\CodeIgniter.php(326): CodeIgniter\CodeIgniter->handleRequest(NULL, Object(Config\Cache), false)
#8 C:\xampp\htdocs\kkp_login\index.php(37): CodeIgniter\CodeIgniter->run()
#9 {main}
CRITICAL - 2022-05-07 05:02:14 --> Undefined variable $row
#0 C:\xampp\htdocs\kkp_login\app\Views\m_penelitian\monev_penelitian.php(371): CodeIgniter\Debug\Exceptions->errorHandler(2, 'Undefined varia...', 'C:\\xampp\\htdocs...', 371)
#1 C:\xampp\htdocs\kkp_login\system\View\View.php(210): include('C:\\xampp\\htdocs...')
#2 C:\xampp\htdocs\kkp_login\system\View\View.php(213): CodeIgniter\View\View->CodeIgniter\View\{closure}()
#3 C:\xampp\htdocs\kkp_login\system\Common.php(1089): CodeIgniter\View\View->render('m_penelitian/mo...', Array, true)
#4 C:\xampp\htdocs\kkp_login\app\Controllers\Backend.php(35): view('m_penelitian/mo...', Array)
#5 C:\xampp\htdocs\kkp_login\system\CodeIgniter.php(832): App\Controllers\Backend->monev_penelitian()
#6 C:\xampp\htdocs\kkp_login\system\CodeIgniter.php(419): CodeIgniter\CodeIgniter->runController(Object(App\Controllers\Backend))
#7 C:\xampp\htdocs\kkp_login\system\CodeIgniter.php(326): CodeIgniter\CodeIgniter->handleRequest(NULL, Object(Config\Cache), false)
#8 C:\xampp\htdocs\kkp_login\index.php(37): CodeIgniter\CodeIgniter->run()
#9 {main}
ERROR - 2022-05-07 05:16:26 --> Duplicate entry '0' for key 'PRIMARY'
CRITICAL - 2022-05-07 05:16:26 --> Duplicate entry '0' for key 'PRIMARY'
#0 C:\xampp\htdocs\kkp_login\system\Database\MySQLi\Connection.php(292): mysqli->query('INSERT INTO `da...', 0)
#1 C:\xampp\htdocs\kkp_login\system\Database\BaseConnection.php(670): CodeIgniter\Database\MySQLi\Connection->execute('INSERT INTO `da...')
#2 C:\xampp\htdocs\kkp_login\system\Database\BaseConnection.php(598): CodeIgniter\Database\BaseConnection->simpleQuery('INSERT INTO `da...')
#3 C:\xampp\htdocs\kkp_login\system\Database\BaseBuilder.php(1771): CodeIgniter\Database\BaseConnection->query('INSERT INTO `da...', Array, false)
#4 C:\xampp\htdocs\kkp_login\app\Models\M_Siswa.php(40): CodeIgniter\Database\BaseBuilder->insert(Array)
#5 C:\xampp\htdocs\kkp_login\app\Controllers\Backend.php(183): App\Models\M_Siswa->tambah2(Array)
#6 C:\xampp\htdocs\kkp_login\system\CodeIgniter.php(832): App\Controllers\Backend->tambah_data2()
#7 C:\xampp\htdocs\kkp_login\system\CodeIgniter.php(419): CodeIgniter\CodeIgniter->runController(Object(App\Controllers\Backend))
#8 C:\xampp\htdocs\kkp_login\system\CodeIgniter.php(326): CodeIgniter\CodeIgniter->handleRequest(NULL, Object(Config\Cache), false)
#9 C:\xampp\htdocs\kkp_login\index.php(37): CodeIgniter\CodeIgniter->run()
#10 {main}
CRITICAL - 2022-05-07 07:01:22 --> Undefined variable $row
#0 C:\xampp\htdocs\kkp_login\app\Views\m_penelitian\view_pdf.php(143): CodeIgniter\Debug\Exceptions->errorHandler(2, 'Undefined varia...', 'C:\\xampp\\htdocs...', 143)
#1 C:\xampp\htdocs\kkp_login\system\View\View.php(210): include('C:\\xampp\\htdocs...')
#2 C:\xampp\htdocs\kkp_login\system\View\View.php(213): CodeIgniter\View\View->CodeIgniter\View\{closure}()
#3 C:\xampp\htdocs\kkp_login\system\Common.php(1089): CodeIgniter\View\View->render('m_penelitian/vi...', Array, true)
#4 C:\xampp\htdocs\kkp_login\app\Controllers\Backend.php(45): view('m_penelitian/vi...', Array)
#5 C:\xampp\htdocs\kkp_login\system\CodeIgniter.php(832): App\Controllers\Backend->view_pdf('2', '')
#6 C:\xampp\htdocs\kkp_login\system\CodeIgniter.php(419): CodeIgniter\CodeIgniter->runController(Object(App\Controllers\Backend))
#7 C:\xampp\htdocs\kkp_login\system\CodeIgniter.php(326): CodeIgniter\CodeIgniter->handleRequest(NULL, Object(Config\Cache), false)
#8 C:\xampp\htdocs\kkp_login\index.php(37): CodeIgniter\CodeIgniter->run()
#9 {main}
CRITICAL - 2022-05-07 18:44:02 --> Trying to access array offset on value of type null
#0 C:\xampp\htdocs\kkp_login\app\Views\m_penelitian\view_pdf.php(110): CodeIgniter\Debug\Exceptions->errorHandler(2, 'Trying to acces...', 'C:\\xampp\\htdocs...', 110)
#1 C:\xampp\htdocs\kkp_login\system\View\View.php(210): include('C:\\xampp\\htdocs...')
#2 C:\xampp\htdocs\kkp_login\system\View\View.php(213): CodeIgniter\View\View->CodeIgniter\View\{closure}()
#3 C:\xampp\htdocs\kkp_login\system\Common.php(1089): CodeIgniter\View\View->render('m_penelitian/vi...', Array, true)
#4 C:\xampp\htdocs\kkp_login\app\Controllers\Backend.php(211): view('m_penelitian/vi...', Array)
#5 C:\xampp\htdocs\kkp_login\system\CodeIgniter.php(832): App\Controllers\Backend->hapus2('public', 'vendor', 'fontawesome-fre...', 'css', 'all.min.css')
#6 C:\xampp\htdocs\kkp_login\system\CodeIgniter.php(419): CodeIgniter\CodeIgniter->runController(Object(App\Controllers\Backend))
#7 C:\xampp\htdocs\kkp_login\system\CodeIgniter.php(326): CodeIgniter\CodeIgniter->handleRequest(NULL, Object(Config\Cache), false)
#8 C:\xampp\htdocs\kkp_login\index.php(37): CodeIgniter\CodeIgniter->run()
#9 {main}
CRITICAL - 2022-05-07 18:44:02 --> Trying to access array offset on value of type null
#0 C:\xampp\htdocs\kkp_login\app\Views\m_penelitian\view_pdf.php(110): CodeIgniter\Debug\Exceptions->errorHandler(2, 'Trying to acces...', 'C:\\xampp\\htdocs...', 110)
#1 C:\xampp\htdocs\kkp_login\system\View\View.php(210): include('C:\\xampp\\htdocs...')
#2 C:\xampp\htdocs\kkp_login\system\View\View.php(213): CodeIgniter\View\View->CodeIgniter\View\{closure}()
#3 C:\xampp\htdocs\kkp_login\system\Common.php(1089): CodeIgniter\View\View->render('m_penelitian/vi...', Array, true)
#4 C:\xampp\htdocs\kkp_login\app\Controllers\Backend.php(211): view('m_penelitian/vi...', Array)
#5 C:\xampp\htdocs\kkp_login\system\CodeIgniter.php(832): App\Controllers\Backend->hapus2('public', 'js', 'script2.js')
#6 C:\xampp\htdocs\kkp_login\system\CodeIgniter.php(419): CodeIgniter\CodeIgniter->runController(Object(App\Controllers\Backend))
#7 C:\xampp\htdocs\kkp_login\system\CodeIgniter.php(326): CodeIgniter\CodeIgniter->handleRequest(NULL, Object(Config\Cache), false)
#8 C:\xampp\htdocs\kkp_login\index.php(37): CodeIgniter\CodeIgniter->run()
#9 {main}
CRITICAL - 2022-05-07 18:44:34 --> Trying to access array offset on value of type null
#0 C:\xampp\htdocs\kkp_login\app\Views\m_penelitian\view_pdf.php(110): CodeIgniter\Debug\Exceptions->errorHandler(2, 'Trying to acces...', 'C:\\xampp\\htdocs...', 110)
#1 C:\xampp\htdocs\kkp_login\system\View\View.php(210): include('C:\\xampp\\htdocs...')
#2 C:\xampp\htdocs\kkp_login\system\View\View.php(213): CodeIgniter\View\View->CodeIgniter\View\{closure}()
#3 C:\xampp\htdocs\kkp_login\system\Common.php(1089): CodeIgniter\View\View->render('m_penelitian/vi...', Array, true)
#4 C:\xampp\htdocs\kkp_login\app\Controllers\Backend.php(211): view('m_penelitian/vi...', Array)
#5 C:\xampp\htdocs\kkp_login\system\CodeIgniter.php(832): App\Controllers\Backend->hapus2('public', 'vendor', 'fontawesome-fre...', 'css', 'all.min.css')
#6 C:\xampp\htdocs\kkp_login\system\CodeIgniter.php(419): CodeIgniter\CodeIgniter->runController(Object(App\Controllers\Backend))
#7 C:\xampp\htdocs\kkp_login\system\CodeIgniter.php(326): CodeIgniter\CodeIgniter->handleRequest(NULL, Object(Config\Cache), false)
#8 C:\xampp\htdocs\kkp_login\index.php(37): CodeIgniter\CodeIgniter->run()
#9 {main}
CRITICAL - 2022-05-07 18:44:34 --> Trying to access array offset on value of type null
#0 C:\xampp\htdocs\kkp_login\app\Views\m_penelitian\view_pdf.php(110): CodeIgniter\Debug\Exceptions->errorHandler(2, 'Trying to acces...', 'C:\\xampp\\htdocs...', 110)
#1 C:\xampp\htdocs\kkp_login\system\View\View.php(210): include('C:\\xampp\\htdocs...')
#2 C:\xampp\htdocs\kkp_login\system\View\View.php(213): CodeIgniter\View\View->CodeIgniter\View\{closure}()
#3 C:\xampp\htdocs\kkp_login\system\Common.php(1089): CodeIgniter\View\View->render('m_penelitian/vi...', Array, true)
#4 C:\xampp\htdocs\kkp_login\app\Controllers\Backend.php(211): view('m_penelitian/vi...', Array)
#5 C:\xampp\htdocs\kkp_login\system\CodeIgniter.php(832): App\Controllers\Backend->hapus2('public', 'js', 'script2.js')
#6 C:\xampp\htdocs\kkp_login\system\CodeIgniter.php(419): CodeIgniter\CodeIgniter->runController(Object(App\Controllers\Backend))
#7 C:\xampp\htdocs\kkp_login\system\CodeIgniter.php(326): CodeIgniter\CodeIgniter->handleRequest(NULL, Object(Config\Cache), false)
#8 C:\xampp\htdocs\kkp_login\index.php(37): CodeIgniter\CodeIgniter->run()
#9 {main}
CRITICAL - 2022-05-07 18:58:29 --> You must set the database table to be used with your query.
#0 C:\xampp\htdocs\kkp_login\system\Model.php(545): CodeIgniter\Database\BaseConnection->table(NULL)
#1 C:\xampp\htdocs\kkp_login\system\Model.php(333): CodeIgniter\Model->builder()
#2 C:\xampp\htdocs\kkp_login\system\BaseModel.php(963): CodeIgniter\Model->doDelete(Array, false)
#3 C:\xampp\htdocs\kkp_login\app\Controllers\Backend.php(206): CodeIgniter\BaseModel->delete(Array)
#4 C:\xampp\htdocs\kkp_login\system\CodeIgniter.php(832): App\Controllers\Backend->hapus2('2')
#5 C:\xampp\htdocs\kkp_login\system\CodeIgniter.php(419): CodeIgniter\CodeIgniter->runController(Object(App\Controllers\Backend))
#6 C:\xampp\htdocs\kkp_login\system\CodeIgniter.php(326): CodeIgniter\CodeIgniter->handleRequest(NULL, Object(Config\Cache), false)
#7 C:\xampp\htdocs\kkp_login\index.php(37): CodeIgniter\CodeIgniter->run()
#8 {main}
CRITICAL - 2022-05-07 19:27:57 --> Trying to access array offset on value of type null
#0 C:\xampp\htdocs\kkp_login\app\Views\m_penelitian\view_pdf.php(110): CodeIgniter\Debug\Exceptions->errorHandler(2, 'Trying to acces...', 'C:\\xampp\\htdocs...', 110)
#1 C:\xampp\htdocs\kkp_login\system\View\View.php(210): include('C:\\xampp\\htdocs...')
#2 C:\xampp\htdocs\kkp_login\system\View\View.php(213): CodeIgniter\View\View->CodeIgniter\View\{closure}()
#3 C:\xampp\htdocs\kkp_login\system\Common.php(1089): CodeIgniter\View\View->render('m_penelitian/vi...', Array, true)
#4 C:\xampp\htdocs\kkp_login\app\Controllers\Backend.php(211): view('m_penelitian/vi...', Array)
#5 C:\xampp\htdocs\kkp_login\system\CodeIgniter.php(832): App\Controllers\Backend->hapus2('public', 'vendor', 'fontawesome-fre...', 'css', 'all.min.css')
#6 C:\xampp\htdocs\kkp_login\system\CodeIgniter.php(419): CodeIgniter\CodeIgniter->runController(Object(App\Controllers\Backend))
#7 C:\xampp\htdocs\kkp_login\system\CodeIgniter.php(326): CodeIgniter\CodeIgniter->handleRequest(NULL, Object(Config\Cache), false)
#8 C:\xampp\htdocs\kkp_login\index.php(37): CodeIgniter\CodeIgniter->run()
#9 {main}
CRITICAL - 2022-05-07 19:27:57 --> Trying to access array offset on value of type null
#0 C:\xampp\htdocs\kkp_login\app\Views\m_penelitian\view_pdf.php(110): CodeIgniter\Debug\Exceptions->errorHandler(2, 'Trying to acces...', 'C:\\xampp\\htdocs...', 110)
#1 C:\xampp\htdocs\kkp_login\system\View\View.php(210): include('C:\\xampp\\htdocs...')
#2 C:\xampp\htdocs\kkp_login\system\View\View.php(213): CodeIgniter\View\View->CodeIgniter\View\{closure}()
#3 C:\xampp\htdocs\kkp_login\system\Common.php(1089): CodeIgniter\View\View->render('m_penelitian/vi...', Array, true)
#4 C:\xampp\htdocs\kkp_login\app\Controllers\Backend.php(211): view('m_penelitian/vi...', Array)
#5 C:\xampp\htdocs\kkp_login\system\CodeIgniter.php(832): App\Controllers\Backend->hapus2('public', 'js', 'script2.js')
#6 C:\xampp\htdocs\kkp_login\system\CodeIgniter.php(419): CodeIgniter\CodeIgniter->runController(Object(App\Controllers\Backend))
#7 C:\xampp\htdocs\kkp_login\system\CodeIgniter.php(326): CodeIgniter\CodeIgniter->handleRequest(NULL, Object(Config\Cache), false)
#8 C:\xampp\htdocs\kkp_login\index.php(37): CodeIgniter\CodeIgniter->run()
#9 {main}
CRITICAL - 2022-05-07 19:38:05 --> Call to a member function getRowArray() on bool
#0 C:\xampp\htdocs\kkp_login\app\Controllers\Backend.php(207): App\Models\M_Siswa->hapus2(NULL)
#1 C:\xampp\htdocs\kkp_login\system\CodeIgniter.php(832): App\Controllers\Backend->hapus2()
#2 C:\xampp\htdocs\kkp_login\system\CodeIgniter.php(419): CodeIgniter\CodeIgniter->runController(Object(App\Controllers\Backend))
#3 C:\xampp\htdocs\kkp_login\system\CodeIgniter.php(326): CodeIgniter\CodeIgniter->handleRequest(NULL, Object(Config\Cache), false)
#4 C:\xampp\htdocs\kkp_login\index.php(37): CodeIgniter\CodeIgniter->run()
#5 {main}
CRITICAL - 2022-05-07 19:38:35 --> Call to a member function getResultArray() on bool
#0 C:\xampp\htdocs\kkp_login\app\Controllers\Backend.php(207): App\Models\M_Siswa->hapus2(NULL)
#1 C:\xampp\htdocs\kkp_login\system\CodeIgniter.php(832): App\Controllers\Backend->hapus2()
#2 C:\xampp\htdocs\kkp_login\system\CodeIgniter.php(419): CodeIgniter\CodeIgniter->runController(Object(App\Controllers\Backend))
#3 C:\xampp\htdocs\kkp_login\system\CodeIgniter.php(326): CodeIgniter\CodeIgniter->handleRequest(NULL, Object(Config\Cache), false)
#4 C:\xampp\htdocs\kkp_login\index.php(37): CodeIgniter\CodeIgniter->run()
#5 {main}
CRITICAL - 2022-05-07 19:42:52 --> Call to a member function getResultArray() on bool
#0 C:\xampp\htdocs\kkp_login\app\Controllers\Backend.php(207): App\Models\M_Siswa->hapus2(NULL)
#1 C:\xampp\htdocs\kkp_login\system\CodeIgniter.php(832): App\Controllers\Backend->hapus2()
#2 C:\xampp\htdocs\kkp_login\system\CodeIgniter.php(419): CodeIgniter\CodeIgniter->runController(Object(App\Controllers\Backend))
#3 C:\xampp\htdocs\kkp_login\system\CodeIgniter.php(326): CodeIgniter\CodeIgniter->handleRequest(NULL, Object(Config\Cache), false)
#4 C:\xampp\htdocs\kkp_login\index.php(37): CodeIgniter\CodeIgniter->run()
#5 {main}
