CRITICAL - 2022-04-29 05:33:43 --> Undefined variable $tahun
#0 C:\xampp\htdocs\kkp_login\app\Views\dashboard.php(99): CodeIgniter\Debug\Exceptions->errorHandler(2, 'Undefined varia...', 'C:\\xampp\\htdocs...', 99)
#1 C:\xampp\htdocs\kkp_login\system\View\View.php(210): include('C:\\xampp\\htdocs...')
#2 C:\xampp\htdocs\kkp_login\system\View\View.php(213): CodeIgniter\View\View->CodeIgniter\View\{closure}()
#3 C:\xampp\htdocs\kkp_login\system\Common.php(1089): CodeIgniter\View\View->render('/dashboard', Array, true)
#4 C:\xampp\htdocs\kkp_login\app\Controllers\Backend.php(47): view('/dashboard')
#5 C:\xampp\htdocs\kkp_login\system\CodeIgniter.php(832): App\Controllers\Backend->dashboard()
#6 C:\xampp\htdocs\kkp_login\system\CodeIgniter.php(419): CodeIgniter\CodeIgniter->runController(Object(App\Controllers\Backend))
#7 C:\xampp\htdocs\kkp_login\system\CodeIgniter.php(326): CodeIgniter\CodeIgniter->handleRequest(NULL, Object(Config\Cache), false)
#8 C:\xampp\htdocs\kkp_login\index.php(37): CodeIgniter\CodeIgniter->run()
#9 {main}
CRITICAL - 2022-04-29 05:33:49 --> Undefined variable $row
#0 C:\xampp\htdocs\kkp_login\app\Views\m_penelitian\monev_penelitian.php(292): CodeIgniter\Debug\Exceptions->errorHandler(2, 'Undefined varia...', 'C:\\xampp\\htdocs...', 292)
#1 C:\xampp\htdocs\kkp_login\system\View\View.php(210): include('C:\\xampp\\htdocs...')
#2 C:\xampp\htdocs\kkp_login\system\View\View.php(213): CodeIgniter\View\View->CodeIgniter\View\{closure}()
#3 C:\xampp\htdocs\kkp_login\system\Common.php(1089): CodeIgniter\View\View->render('m_penelitian/mo...', Array, true)
#4 C:\xampp\htdocs\kkp_login\app\Controllers\Backend.php(34): view('m_penelitian/mo...', Array)
#5 C:\xampp\htdocs\kkp_login\system\CodeIgniter.php(832): App\Controllers\Backend->monev_penelitian()
#6 C:\xampp\htdocs\kkp_login\system\CodeIgniter.php(419): CodeIgniter\CodeIgniter->runController(Object(App\Controllers\Backend))
#7 C:\xampp\htdocs\kkp_login\system\CodeIgniter.php(326): CodeIgniter\CodeIgniter->handleRequest(NULL, Object(Config\Cache), false)
#8 C:\xampp\htdocs\kkp_login\index.php(37): CodeIgniter\CodeIgniter->run()
#9 {main}
CRITICAL - 2022-04-29 05:36:32 --> strpos(): Passing null to parameter #1 ($haystack) of type string is deprecated
#0 [internal function]: CodeIgniter\Debug\Exceptions->errorHandler(8192, 'strpos(): Passi...', 'C:\\xampp\\htdocs...', 413)
#1 C:\xampp\htdocs\kkp_login\system\Debug\Toolbar.php(413): strpos(NULL, '<head>')
#2 C:\xampp\htdocs\kkp_login\system\Filters\DebugToolbar.php(40): CodeIgniter\Debug\Toolbar->prepare(Object(CodeIgniter\HTTP\IncomingRequest), Object(CodeIgniter\HTTP\RedirectResponse))
#3 C:\xampp\htdocs\kkp_login\system\Filters\Filters.php(196): CodeIgniter\Filters\DebugToolbar->after(Object(CodeIgniter\HTTP\IncomingRequest), Object(CodeIgniter\HTTP\RedirectResponse), NULL)
#4 C:\xampp\htdocs\kkp_login\system\CodeIgniter.php(436): CodeIgniter\Filters\Filters->run('/', 'after')
#5 C:\xampp\htdocs\kkp_login\system\CodeIgniter.php(326): CodeIgniter\CodeIgniter->handleRequest(NULL, Object(Config\Cache), false)
#6 C:\xampp\htdocs\kkp_login\index.php(37): CodeIgniter\CodeIgniter->run()
#7 {main}
CRITICAL - 2022-04-29 07:59:34 --> Invalid file: m_penelitian/view_pdf1.php
#0 C:\xampp\htdocs\kkp_login\system\View\View.php(198): CodeIgniter\Exceptions\FrameworkException::forInvalidFile('m_penelitian/vi...')
#1 C:\xampp\htdocs\kkp_login\system\Common.php(1089): CodeIgniter\View\View->render('m_penelitian/vi...', Array, true)
#2 C:\xampp\htdocs\kkp_login\app\Controllers\Backend.php(43): view('m_penelitian/vi...', Array)
#3 C:\xampp\htdocs\kkp_login\system\CodeIgniter.php(832): App\Controllers\Backend->view_pdf1()
#4 C:\xampp\htdocs\kkp_login\system\CodeIgniter.php(419): CodeIgniter\CodeIgniter->runController(Object(App\Controllers\Backend))
#5 C:\xampp\htdocs\kkp_login\system\CodeIgniter.php(326): CodeIgniter\CodeIgniter->handleRequest(NULL, Object(Config\Cache), false)
#6 C:\xampp\htdocs\kkp_login\index.php(37): CodeIgniter\CodeIgniter->run()
#7 {main}
CRITICAL - 2022-04-29 08:05:54 --> Undefined variable $penel
#0 C:\xampp\htdocs\kkp_login\app\Views\m_penelitian\view_pdf.php(218): CodeIgniter\Debug\Exceptions->errorHandler(2, 'Undefined varia...', 'C:\\xampp\\htdocs...', 218)
#1 C:\xampp\htdocs\kkp_login\system\View\View.php(210): include('C:\\xampp\\htdocs...')
#2 C:\xampp\htdocs\kkp_login\system\View\View.php(213): CodeIgniter\View\View->CodeIgniter\View\{closure}()
#3 C:\xampp\htdocs\kkp_login\system\Common.php(1089): CodeIgniter\View\View->render('m_penelitian/vi...', Array, true)
#4 C:\xampp\htdocs\kkp_login\app\Controllers\Backend.php(43): view('m_penelitian/vi...', Array)
#5 C:\xampp\htdocs\kkp_login\system\CodeIgniter.php(832): App\Controllers\Backend->view_pdf()
#6 C:\xampp\htdocs\kkp_login\system\CodeIgniter.php(419): CodeIgniter\CodeIgniter->runController(Object(App\Controllers\Backend))
#7 C:\xampp\htdocs\kkp_login\system\CodeIgniter.php(326): CodeIgniter\CodeIgniter->handleRequest(NULL, Object(Config\Cache), false)
#8 C:\xampp\htdocs\kkp_login\index.php(37): CodeIgniter\CodeIgniter->run()
#9 {main}
CRITICAL - 2022-04-29 08:09:34 --> Attempt to read property "username" on null
#0 C:\xampp\htdocs\kkp_login\app\Views\m_penelitian\view_pdf.php(117): CodeIgniter\Debug\Exceptions->errorHandler(2, 'Attempt to read...', 'C:\\xampp\\htdocs...', 117)
#1 C:\xampp\htdocs\kkp_login\system\View\View.php(210): include('C:\\xampp\\htdocs...')
#2 C:\xampp\htdocs\kkp_login\system\View\View.php(213): CodeIgniter\View\View->CodeIgniter\View\{closure}()
#3 C:\xampp\htdocs\kkp_login\system\Common.php(1089): CodeIgniter\View\View->render('m_penelitian/vi...', Array, true)
#4 C:\xampp\htdocs\kkp_login\app\Controllers\Backend.php(44): view('m_penelitian/vi...', Array)
#5 C:\xampp\htdocs\kkp_login\system\CodeIgniter.php(832): App\Controllers\Backend->view_pdf()
#6 C:\xampp\htdocs\kkp_login\system\CodeIgniter.php(419): CodeIgniter\CodeIgniter->runController(Object(App\Controllers\Backend))
#7 C:\xampp\htdocs\kkp_login\system\CodeIgniter.php(326): CodeIgniter\CodeIgniter->handleRequest(NULL, Object(Config\Cache), false)
#8 C:\xampp\htdocs\kkp_login\index.php(37): CodeIgniter\CodeIgniter->run()
#9 {main}
CRITICAL - 2022-04-29 08:12:49 --> strpos(): Passing null to parameter #1 ($haystack) of type string is deprecated
#0 [internal function]: CodeIgniter\Debug\Exceptions->errorHandler(8192, 'strpos(): Passi...', 'C:\\xampp\\htdocs...', 413)
#1 C:\xampp\htdocs\kkp_login\system\Debug\Toolbar.php(413): strpos(NULL, '<head>')
#2 C:\xampp\htdocs\kkp_login\system\Filters\DebugToolbar.php(40): CodeIgniter\Debug\Toolbar->prepare(Object(CodeIgniter\HTTP\IncomingRequest), Object(CodeIgniter\HTTP\RedirectResponse))
#3 C:\xampp\htdocs\kkp_login\system\Filters\Filters.php(196): CodeIgniter\Filters\DebugToolbar->after(Object(CodeIgniter\HTTP\IncomingRequest), Object(CodeIgniter\HTTP\RedirectResponse), NULL)
#4 C:\xampp\htdocs\kkp_login\system\CodeIgniter.php(436): CodeIgniter\Filters\Filters->run('/', 'after')
#5 C:\xampp\htdocs\kkp_login\system\CodeIgniter.php(326): CodeIgniter\CodeIgniter->handleRequest(NULL, Object(Config\Cache), false)
#6 C:\xampp\htdocs\kkp_login\index.php(37): CodeIgniter\CodeIgniter->run()
#7 {main}
CRITICAL - 2022-04-29 08:13:15 --> strpos(): Passing null to parameter #1 ($haystack) of type string is deprecated
#0 [internal function]: CodeIgniter\Debug\Exceptions->errorHandler(8192, 'strpos(): Passi...', 'C:\\xampp\\htdocs...', 413)
#1 C:\xampp\htdocs\kkp_login\system\Debug\Toolbar.php(413): strpos(NULL, '<head>')
#2 C:\xampp\htdocs\kkp_login\system\Filters\DebugToolbar.php(40): CodeIgniter\Debug\Toolbar->prepare(Object(CodeIgniter\HTTP\IncomingRequest), Object(CodeIgniter\HTTP\RedirectResponse))
#3 C:\xampp\htdocs\kkp_login\system\Filters\Filters.php(196): CodeIgniter\Filters\DebugToolbar->after(Object(CodeIgniter\HTTP\IncomingRequest), Object(CodeIgniter\HTTP\RedirectResponse), NULL)
#4 C:\xampp\htdocs\kkp_login\system\CodeIgniter.php(436): CodeIgniter\Filters\Filters->run('/', 'after')
#5 C:\xampp\htdocs\kkp_login\system\CodeIgniter.php(326): CodeIgniter\CodeIgniter->handleRequest(NULL, Object(Config\Cache), false)
#6 C:\xampp\htdocs\kkp_login\index.php(37): CodeIgniter\CodeIgniter->run()
#7 {main}
CRITICAL - 2022-04-29 08:13:30 --> strpos(): Passing null to parameter #1 ($haystack) of type string is deprecated
#0 [internal function]: CodeIgniter\Debug\Exceptions->errorHandler(8192, 'strpos(): Passi...', 'C:\\xampp\\htdocs...', 413)
#1 C:\xampp\htdocs\kkp_login\system\Debug\Toolbar.php(413): strpos(NULL, '<head>')
#2 C:\xampp\htdocs\kkp_login\system\Filters\DebugToolbar.php(40): CodeIgniter\Debug\Toolbar->prepare(Object(CodeIgniter\HTTP\IncomingRequest), Object(CodeIgniter\HTTP\RedirectResponse))
#3 C:\xampp\htdocs\kkp_login\system\Filters\Filters.php(196): CodeIgniter\Filters\DebugToolbar->after(Object(CodeIgniter\HTTP\IncomingRequest), Object(CodeIgniter\HTTP\RedirectResponse), NULL)
#4 C:\xampp\htdocs\kkp_login\system\CodeIgniter.php(436): CodeIgniter\Filters\Filters->run('/', 'after')
#5 C:\xampp\htdocs\kkp_login\system\CodeIgniter.php(326): CodeIgniter\CodeIgniter->handleRequest(NULL, Object(Config\Cache), false)
#6 C:\xampp\htdocs\kkp_login\index.php(37): CodeIgniter\CodeIgniter->run()
#7 {main}
CRITICAL - 2022-04-29 08:14:42 --> Attempt to read property "username" on null
#0 C:\xampp\htdocs\kkp_login\app\Views\layout\v_topbar.php(18): CodeIgniter\Debug\Exceptions->errorHandler(2, 'Attempt to read...', 'C:\\xampp\\htdocs...', 18)
#1 C:\xampp\htdocs\kkp_login\system\View\View.php(210): include('C:\\xampp\\htdocs...')
#2 C:\xampp\htdocs\kkp_login\system\View\View.php(213): CodeIgniter\View\View->CodeIgniter\View\{closure}()
#3 C:\xampp\htdocs\kkp_login\system\Common.php(1089): CodeIgniter\View\View->render('layout/v_topbar', Array, true)
#4 C:\xampp\htdocs\kkp_login\app\Controllers\Backend.php(56): view('layout/v_topbar')
#5 C:\xampp\htdocs\kkp_login\system\CodeIgniter.php(832): App\Controllers\Backend->dashboard()
#6 C:\xampp\htdocs\kkp_login\system\CodeIgniter.php(419): CodeIgniter\CodeIgniter->runController(Object(App\Controllers\Backend))
#7 C:\xampp\htdocs\kkp_login\system\CodeIgniter.php(326): CodeIgniter\CodeIgniter->handleRequest(NULL, Object(Config\Cache), false)
#8 C:\xampp\htdocs\kkp_login\index.php(37): CodeIgniter\CodeIgniter->run()
#9 {main}
CRITICAL - 2022-04-29 08:15:20 --> strpos(): Passing null to parameter #1 ($haystack) of type string is deprecated
#0 [internal function]: CodeIgniter\Debug\Exceptions->errorHandler(8192, 'strpos(): Passi...', 'C:\\xampp\\htdocs...', 413)
#1 C:\xampp\htdocs\kkp_login\system\Debug\Toolbar.php(413): strpos(NULL, '<head>')
#2 C:\xampp\htdocs\kkp_login\system\Filters\DebugToolbar.php(40): CodeIgniter\Debug\Toolbar->prepare(Object(CodeIgniter\HTTP\IncomingRequest), Object(CodeIgniter\HTTP\RedirectResponse))
#3 C:\xampp\htdocs\kkp_login\system\Filters\Filters.php(196): CodeIgniter\Filters\DebugToolbar->after(Object(CodeIgniter\HTTP\IncomingRequest), Object(CodeIgniter\HTTP\RedirectResponse), NULL)
#4 C:\xampp\htdocs\kkp_login\system\CodeIgniter.php(436): CodeIgniter\Filters\Filters->run('/', 'after')
#5 C:\xampp\htdocs\kkp_login\system\CodeIgniter.php(326): CodeIgniter\CodeIgniter->handleRequest(NULL, Object(Config\Cache), false)
#6 C:\xampp\htdocs\kkp_login\index.php(37): CodeIgniter\CodeIgniter->run()
#7 {main}
