CRITICAL - 2022-05-09 00:04:56 --> Call to a member function isValid() on null
#0 C:\xampp\htdocs\kkp_login\system\CodeIgniter.php(832): App\Controllers\Backend->ubah_data2()
#1 C:\xampp\htdocs\kkp_login\system\CodeIgniter.php(419): CodeIgniter\CodeIgniter->runController(Object(App\Controllers\Backend))
#2 C:\xampp\htdocs\kkp_login\system\CodeIgniter.php(326): CodeIgniter\CodeIgniter->handleRequest(NULL, Object(Config\Cache), false)
#3 C:\xampp\htdocs\kkp_login\index.php(37): CodeIgniter\CodeIgniter->run()
#4 {main}
CRITICAL - 2022-05-09 04:07:10 --> strpos(): Passing null to parameter #1 ($haystack) of type string is deprecated
#0 [internal function]: CodeIgniter\Debug\Exceptions->errorHandler(8192, 'strpos(): Passi...', 'C:\\xampp\\htdocs...', 413)
#1 C:\xampp\htdocs\kkp_login\system\Debug\Toolbar.php(413): strpos(NULL, '<head>')
#2 C:\xampp\htdocs\kkp_login\system\Filters\DebugToolbar.php(40): CodeIgniter\Debug\Toolbar->prepare(Object(CodeIgniter\HTTP\IncomingRequest), Object(CodeIgniter\HTTP\RedirectResponse))
#3 C:\xampp\htdocs\kkp_login\system\Filters\Filters.php(196): CodeIgniter\Filters\DebugToolbar->after(Object(CodeIgniter\HTTP\IncomingRequest), Object(CodeIgniter\HTTP\RedirectResponse), NULL)
#4 C:\xampp\htdocs\kkp_login\system\CodeIgniter.php(436): CodeIgniter\Filters\Filters->run('/', 'after')
#5 C:\xampp\htdocs\kkp_login\system\CodeIgniter.php(326): CodeIgniter\CodeIgniter->handleRequest(NULL, Object(Config\Cache), false)
#6 C:\xampp\htdocs\kkp_login\index.php(37): CodeIgniter\CodeIgniter->run()
#7 {main}
CRITICAL - 2022-05-09 21:31:32 --> Too few arguments to function App\Controllers\Backend::ubah_data2(), 0 passed in C:\xampp\htdocs\kkp_login\system\CodeIgniter.php on line 832 and exactly 1 expected
#0 C:\xampp\htdocs\kkp_login\system\CodeIgniter.php(832): App\Controllers\Backend->ubah_data2()
#1 C:\xampp\htdocs\kkp_login\system\CodeIgniter.php(419): CodeIgniter\CodeIgniter->runController(Object(App\Controllers\Backend))
#2 C:\xampp\htdocs\kkp_login\system\CodeIgniter.php(326): CodeIgniter\CodeIgniter->handleRequest(NULL, Object(Config\Cache), false)
#3 C:\xampp\htdocs\kkp_login\index.php(37): CodeIgniter\CodeIgniter->run()
#4 {main}
CRITICAL - 2022-05-09 22:29:06 --> Too few arguments to function App\Controllers\Backend::hapus2(), 1 passed in C:\xampp\htdocs\kkp_login\system\CodeIgniter.php on line 832 and exactly 2 expected
#0 C:\xampp\htdocs\kkp_login\system\CodeIgniter.php(832): App\Controllers\Backend->hapus2('14 ')
#1 C:\xampp\htdocs\kkp_login\system\CodeIgniter.php(419): CodeIgniter\CodeIgniter->runController(Object(App\Controllers\Backend))
#2 C:\xampp\htdocs\kkp_login\system\CodeIgniter.php(326): CodeIgniter\CodeIgniter->handleRequest(NULL, Object(Config\Cache), false)
#3 C:\xampp\htdocs\kkp_login\index.php(37): CodeIgniter\CodeIgniter->run()
#4 {main}
CRITICAL - 2022-05-09 22:30:53 --> Too few arguments to function App\Controllers\Backend::hapus2(), 1 passed in C:\xampp\htdocs\kkp_login\system\CodeIgniter.php on line 832 and exactly 2 expected
#0 C:\xampp\htdocs\kkp_login\system\CodeIgniter.php(832): App\Controllers\Backend->hapus2('14 ')
#1 C:\xampp\htdocs\kkp_login\system\CodeIgniter.php(419): CodeIgniter\CodeIgniter->runController(Object(App\Controllers\Backend))
#2 C:\xampp\htdocs\kkp_login\system\CodeIgniter.php(326): CodeIgniter\CodeIgniter->handleRequest(NULL, Object(Config\Cache), false)
#3 C:\xampp\htdocs\kkp_login\index.php(37): CodeIgniter\CodeIgniter->run()
#4 {main}
CRITICAL - 2022-05-09 22:31:43 --> Too few arguments to function App\Controllers\Backend::hapus2(), 1 passed in C:\xampp\htdocs\kkp_login\system\CodeIgniter.php on line 832 and exactly 2 expected
#0 C:\xampp\htdocs\kkp_login\system\CodeIgniter.php(832): App\Controllers\Backend->hapus2('14 ')
#1 C:\xampp\htdocs\kkp_login\system\CodeIgniter.php(419): CodeIgniter\CodeIgniter->runController(Object(App\Controllers\Backend))
#2 C:\xampp\htdocs\kkp_login\system\CodeIgniter.php(326): CodeIgniter\CodeIgniter->handleRequest(NULL, Object(Config\Cache), false)
#3 C:\xampp\htdocs\kkp_login\index.php(37): CodeIgniter\CodeIgniter->run()
#4 {main}
CRITICAL - 2022-05-09 22:31:56 --> Too few arguments to function App\Controllers\Backend::hapus2(), 1 passed in C:\xampp\htdocs\kkp_login\system\CodeIgniter.php on line 832 and exactly 2 expected
#0 C:\xampp\htdocs\kkp_login\system\CodeIgniter.php(832): App\Controllers\Backend->hapus2('14 ')
#1 C:\xampp\htdocs\kkp_login\system\CodeIgniter.php(419): CodeIgniter\CodeIgniter->runController(Object(App\Controllers\Backend))
#2 C:\xampp\htdocs\kkp_login\system\CodeIgniter.php(326): CodeIgniter\CodeIgniter->handleRequest(NULL, Object(Config\Cache), false)
#3 C:\xampp\htdocs\kkp_login\index.php(37): CodeIgniter\CodeIgniter->run()
#4 {main}
CRITICAL - 2022-05-09 22:33:10 --> Too few arguments to function App\Controllers\Backend::hapus2(), 1 passed in C:\xampp\htdocs\kkp_login\system\CodeIgniter.php on line 832 and exactly 2 expected
#0 C:\xampp\htdocs\kkp_login\system\CodeIgniter.php(832): App\Controllers\Backend->hapus2('14 ')
#1 C:\xampp\htdocs\kkp_login\system\CodeIgniter.php(419): CodeIgniter\CodeIgniter->runController(Object(App\Controllers\Backend))
#2 C:\xampp\htdocs\kkp_login\system\CodeIgniter.php(326): CodeIgniter\CodeIgniter->handleRequest(NULL, Object(Config\Cache), false)
#3 C:\xampp\htdocs\kkp_login\index.php(37): CodeIgniter\CodeIgniter->run()
#4 {main}
CRITICAL - 2022-05-09 22:35:27 --> Too few arguments to function App\Controllers\Backend::hapus2(), 1 passed in C:\xampp\htdocs\kkp_login\system\CodeIgniter.php on line 832 and exactly 2 expected
#0 C:\xampp\htdocs\kkp_login\system\CodeIgniter.php(832): App\Controllers\Backend->hapus2('14 ')
#1 C:\xampp\htdocs\kkp_login\system\CodeIgniter.php(419): CodeIgniter\CodeIgniter->runController(Object(App\Controllers\Backend))
#2 C:\xampp\htdocs\kkp_login\system\CodeIgniter.php(326): CodeIgniter\CodeIgniter->handleRequest(NULL, Object(Config\Cache), false)
#3 C:\xampp\htdocs\kkp_login\index.php(37): CodeIgniter\CodeIgniter->run()
#4 {main}
CRITICAL - 2022-05-09 22:35:55 --> Too few arguments to function App\Controllers\Backend::hapus2(), 1 passed in C:\xampp\htdocs\kkp_login\system\CodeIgniter.php on line 832 and exactly 2 expected
#0 C:\xampp\htdocs\kkp_login\system\CodeIgniter.php(832): App\Controllers\Backend->hapus2('14 ')
#1 C:\xampp\htdocs\kkp_login\system\CodeIgniter.php(419): CodeIgniter\CodeIgniter->runController(Object(App\Controllers\Backend))
#2 C:\xampp\htdocs\kkp_login\system\CodeIgniter.php(326): CodeIgniter\CodeIgniter->handleRequest(NULL, Object(Config\Cache), false)
#3 C:\xampp\htdocs\kkp_login\index.php(37): CodeIgniter\CodeIgniter->run()
#4 {main}
CRITICAL - 2022-05-09 22:36:06 --> unlink(public/upload/file_sesuai_petajalan/null): No such file or directory
#0 [internal function]: CodeIgniter\Debug\Exceptions->errorHandler(2, 'unlink(public/u...', 'C:\\xampp\\htdocs...', 69)
#1 C:\xampp\htdocs\kkp_login\app\Models\M_Siswa.php(69): unlink('public/upload/f...')
#2 C:\xampp\htdocs\kkp_login\app\Controllers\Backend.php(225): App\Models\M_Siswa->hapus2('14 ', 'null')
#3 C:\xampp\htdocs\kkp_login\system\CodeIgniter.php(832): App\Controllers\Backend->hapus2('14 ', 'null')
#4 C:\xampp\htdocs\kkp_login\system\CodeIgniter.php(419): CodeIgniter\CodeIgniter->runController(Object(App\Controllers\Backend))
#5 C:\xampp\htdocs\kkp_login\system\CodeIgniter.php(326): CodeIgniter\CodeIgniter->handleRequest(NULL, Object(Config\Cache), false)
#6 C:\xampp\htdocs\kkp_login\index.php(37): CodeIgniter\CodeIgniter->run()
#7 {main}
CRITICAL - 2022-05-09 22:37:36 --> unlink(public/upload/file_sesuai_petajalan/null): No such file or directory
#0 [internal function]: CodeIgniter\Debug\Exceptions->errorHandler(2, 'unlink(public/u...', 'C:\\xampp\\htdocs...', 69)
#1 C:\xampp\htdocs\kkp_login\app\Models\M_Siswa.php(69): unlink('public/upload/f...')
#2 C:\xampp\htdocs\kkp_login\app\Controllers\Backend.php(225): App\Models\M_Siswa->hapus2('14 ', 'null')
#3 C:\xampp\htdocs\kkp_login\system\CodeIgniter.php(832): App\Controllers\Backend->hapus2('14 ', 'null')
#4 C:\xampp\htdocs\kkp_login\system\CodeIgniter.php(419): CodeIgniter\CodeIgniter->runController(Object(App\Controllers\Backend))
#5 C:\xampp\htdocs\kkp_login\system\CodeIgniter.php(326): CodeIgniter\CodeIgniter->handleRequest(NULL, Object(Config\Cache), false)
#6 C:\xampp\htdocs\kkp_login\index.php(37): CodeIgniter\CodeIgniter->run()
#7 {main}
CRITICAL - 2022-05-09 22:38:25 --> unlink(public/upload/file_sesuai_petajalan/null): No such file or directory
#0 [internal function]: CodeIgniter\Debug\Exceptions->errorHandler(2, 'unlink(public/u...', 'C:\\xampp\\htdocs...', 69)
#1 C:\xampp\htdocs\kkp_login\app\Models\M_Siswa.php(69): unlink('public/upload/f...')
#2 C:\xampp\htdocs\kkp_login\app\Controllers\Backend.php(225): App\Models\M_Siswa->hapus2('14 ', 'null')
#3 C:\xampp\htdocs\kkp_login\system\CodeIgniter.php(832): App\Controllers\Backend->hapus2('14 ', 'null')
#4 C:\xampp\htdocs\kkp_login\system\CodeIgniter.php(419): CodeIgniter\CodeIgniter->runController(Object(App\Controllers\Backend))
#5 C:\xampp\htdocs\kkp_login\system\CodeIgniter.php(326): CodeIgniter\CodeIgniter->handleRequest(NULL, Object(Config\Cache), false)
#6 C:\xampp\htdocs\kkp_login\index.php(37): CodeIgniter\CodeIgniter->run()
#7 {main}
CRITICAL - 2022-05-09 22:38:49 --> syntax error, unexpected token "}"
#0 C:\xampp\htdocs\kkp_login\system\Autoloader\Autoloader.php(241): CodeIgniter\Autoloader\Autoloader->includeFile('C:\\xampp\\htdocs...')
#1 C:\xampp\htdocs\kkp_login\system\Autoloader\Autoloader.php(219): CodeIgniter\Autoloader\Autoloader->loadInNamespace('App\\Models\\M_Si...')
#2 C:\xampp\htdocs\kkp_login\app\Controllers\Backend.php(12): CodeIgniter\Autoloader\Autoloader->loadClass('App\\Models\\M_Si...')
#3 C:\xampp\htdocs\kkp_login\system\CodeIgniter.php(809): App\Controllers\Backend->__construct()
#4 C:\xampp\htdocs\kkp_login\system\CodeIgniter.php(410): CodeIgniter\CodeIgniter->createController()
#5 C:\xampp\htdocs\kkp_login\system\CodeIgniter.php(326): CodeIgniter\CodeIgniter->handleRequest(NULL, Object(Config\Cache), false)
#6 C:\xampp\htdocs\kkp_login\index.php(37): CodeIgniter\CodeIgniter->run()
#7 {main}
CRITICAL - 2022-05-09 22:39:14 --> unlink(public/upload/file_sesuai_petajalan/): Is a directory
#0 [internal function]: CodeIgniter\Debug\Exceptions->errorHandler(2, 'unlink(public/u...', 'C:\\xampp\\htdocs...', 69)
#1 C:\xampp\htdocs\kkp_login\app\Models\M_Siswa.php(69): unlink('public/upload/f...')
#2 C:\xampp\htdocs\kkp_login\app\Controllers\Backend.php(225): App\Models\M_Siswa->hapus2('14 ', 'null')
#3 C:\xampp\htdocs\kkp_login\system\CodeIgniter.php(832): App\Controllers\Backend->hapus2('14 ', 'null')
#4 C:\xampp\htdocs\kkp_login\system\CodeIgniter.php(419): CodeIgniter\CodeIgniter->runController(Object(App\Controllers\Backend))
#5 C:\xampp\htdocs\kkp_login\system\CodeIgniter.php(326): CodeIgniter\CodeIgniter->handleRequest(NULL, Object(Config\Cache), false)
#6 C:\xampp\htdocs\kkp_login\index.php(37): CodeIgniter\CodeIgniter->run()
#7 {main}
CRITICAL - 2022-05-09 22:40:26 --> unlink(public/upload/file_sesuai_petajalan/): Is a directory
#0 [internal function]: CodeIgniter\Debug\Exceptions->errorHandler(2, 'unlink(public/u...', 'C:\\xampp\\htdocs...', 69)
#1 C:\xampp\htdocs\kkp_login\app\Models\M_Siswa.php(69): unlink('public/upload/f...', NULL)
#2 C:\xampp\htdocs\kkp_login\app\Controllers\Backend.php(225): App\Models\M_Siswa->hapus2('14 ', 'null')
#3 C:\xampp\htdocs\kkp_login\system\CodeIgniter.php(832): App\Controllers\Backend->hapus2('14 ', 'null')
#4 C:\xampp\htdocs\kkp_login\system\CodeIgniter.php(419): CodeIgniter\CodeIgniter->runController(Object(App\Controllers\Backend))
#5 C:\xampp\htdocs\kkp_login\system\CodeIgniter.php(326): CodeIgniter\CodeIgniter->handleRequest(NULL, Object(Config\Cache), false)
#6 C:\xampp\htdocs\kkp_login\index.php(37): CodeIgniter\CodeIgniter->run()
#7 {main}
CRITICAL - 2022-05-09 22:41:20 --> unlink(public/upload/file_coba_petajalan/null): No such file or directory
#0 [internal function]: CodeIgniter\Debug\Exceptions->errorHandler(2, 'unlink(public/u...', 'C:\\xampp\\htdocs...', 69)
#1 C:\xampp\htdocs\kkp_login\app\Models\M_Siswa.php(69): unlink('public/upload/f...')
#2 C:\xampp\htdocs\kkp_login\app\Controllers\Backend.php(225): App\Models\M_Siswa->hapus2('14 ', 'null')
#3 C:\xampp\htdocs\kkp_login\system\CodeIgniter.php(832): App\Controllers\Backend->hapus2('14 ', 'null')
#4 C:\xampp\htdocs\kkp_login\system\CodeIgniter.php(419): CodeIgniter\CodeIgniter->runController(Object(App\Controllers\Backend))
#5 C:\xampp\htdocs\kkp_login\system\CodeIgniter.php(326): CodeIgniter\CodeIgniter->handleRequest(NULL, Object(Config\Cache), false)
#6 C:\xampp\htdocs\kkp_login\index.php(37): CodeIgniter\CodeIgniter->run()
#7 {main}
CRITICAL - 2022-05-09 22:52:39 --> unlink(public/upload/view_pdf_sesuaipetajalan/JuanFakhri_311910361_TI.19.D.5_UTS_Data_Mining_1.pdf): No such file or directory
#0 [internal function]: CodeIgniter\Debug\Exceptions->errorHandler(2, 'unlink(public/u...', 'C:\\xampp\\htdocs...', 71)
#1 C:\xampp\htdocs\kkp_login\app\Models\M_Siswa.php(71): unlink('public/upload/v...')
#2 C:\xampp\htdocs\kkp_login\app\Controllers\Backend.php(225): App\Models\M_Siswa->hapus2('20 ', 'KNN.pdf', 'JuanFakhri_3119...')
#3 C:\xampp\htdocs\kkp_login\system\CodeIgniter.php(832): App\Controllers\Backend->hapus2('20 ', 'KNN.pdf', 'JuanFakhri_3119...')
#4 C:\xampp\htdocs\kkp_login\system\CodeIgniter.php(419): CodeIgniter\CodeIgniter->runController(Object(App\Controllers\Backend))
#5 C:\xampp\htdocs\kkp_login\system\CodeIgniter.php(326): CodeIgniter\CodeIgniter->handleRequest(NULL, Object(Config\Cache), false)
#6 C:\xampp\htdocs\kkp_login\index.php(37): CodeIgniter\CodeIgniter->run()
#7 {main}
CRITICAL - 2022-05-09 22:53:32 --> unlink(public/upload/file_coba_petajalan/KNN.pdf): No such file or directory
#0 [internal function]: CodeIgniter\Debug\Exceptions->errorHandler(2, 'unlink(public/u...', 'C:\\xampp\\htdocs...', 69)
#1 C:\xampp\htdocs\kkp_login\app\Models\M_Siswa.php(69): unlink('public/upload/f...')
#2 C:\xampp\htdocs\kkp_login\app\Controllers\Backend.php(225): App\Models\M_Siswa->hapus2('20 ', 'KNN.pdf', 'JuanFakhri_3119...')
#3 C:\xampp\htdocs\kkp_login\system\CodeIgniter.php(832): App\Controllers\Backend->hapus2('20 ', 'KNN.pdf', 'JuanFakhri_3119...')
#4 C:\xampp\htdocs\kkp_login\system\CodeIgniter.php(419): CodeIgniter\CodeIgniter->runController(Object(App\Controllers\Backend))
#5 C:\xampp\htdocs\kkp_login\system\CodeIgniter.php(326): CodeIgniter\CodeIgniter->handleRequest(NULL, Object(Config\Cache), false)
#6 C:\xampp\htdocs\kkp_login\index.php(37): CodeIgniter\CodeIgniter->run()
#7 {main}
