CRITICAL - 2022-04-15 09:51:00 --> strpos(): Passing null to parameter #1 ($haystack) of type string is deprecated
#0 [internal function]: CodeIgniter\Debug\Exceptions->errorHandler(8192, 'strpos(): Passi...', 'C:\\xampp\\htdocs...', 413)
#1 C:\xampp\htdocs\kkp_login\system\Debug\Toolbar.php(413): strpos(NULL, '<head>')
#2 C:\xampp\htdocs\kkp_login\system\Filters\DebugToolbar.php(40): CodeIgniter\Debug\Toolbar->prepare(Object(CodeIgniter\HTTP\IncomingRequest), Object(CodeIgniter\HTTP\RedirectResponse))
#3 C:\xampp\htdocs\kkp_login\system\Filters\Filters.php(196): CodeIgniter\Filters\DebugToolbar->after(Object(CodeIgniter\HTTP\IncomingRequest), Object(CodeIgniter\HTTP\RedirectResponse), NULL)
#4 C:\xampp\htdocs\kkp_login\system\CodeIgniter.php(436): CodeIgniter\Filters\Filters->run('/', 'after')
#5 C:\xampp\htdocs\kkp_login\system\CodeIgniter.php(326): CodeIgniter\CodeIgniter->handleRequest(NULL, Object(Config\Cache), false)
#6 C:\xampp\htdocs\kkp_login\index.php(37): CodeIgniter\CodeIgniter->run()
#7 {main}
CRITICAL - 2022-04-15 10:01:37 --> syntax error, unexpected identifier "t"
#0 C:\xampp\htdocs\kkp_login\system\Autoloader\Autoloader.php(241): CodeIgniter\Autoloader\Autoloader->includeFile('C:\\xampp\\htdocs...')
#1 C:\xampp\htdocs\kkp_login\system\Autoloader\Autoloader.php(219): CodeIgniter\Autoloader\Autoloader->loadInNamespace('App\\Filters\\Aut...')
#2 C:\xampp\htdocs\kkp_login\system\Filters\Filters.php(166): CodeIgniter\Autoloader\Autoloader->loadClass('App\\Filters\\Aut...')
#3 C:\xampp\htdocs\kkp_login\system\CodeIgniter.php(393): CodeIgniter\Filters\Filters->run('dashboard', 'before')
#4 C:\xampp\htdocs\kkp_login\system\CodeIgniter.php(326): CodeIgniter\CodeIgniter->handleRequest(NULL, Object(Config\Cache), false)
#5 C:\xampp\htdocs\kkp_login\index.php(37): CodeIgniter\CodeIgniter->run()
#6 {main}
CRITICAL - 2022-04-15 10:01:37 --> syntax error, unexpected identifier "t"
#0 C:\xampp\htdocs\kkp_login\system\Autoloader\Autoloader.php(241): CodeIgniter\Autoloader\Autoloader->includeFile('C:\\xampp\\htdocs...')
#1 C:\xampp\htdocs\kkp_login\system\Autoloader\Autoloader.php(219): CodeIgniter\Autoloader\Autoloader->loadInNamespace('App\\Filters\\Aut...')
#2 C:\xampp\htdocs\kkp_login\system\Filters\Filters.php(166): CodeIgniter\Autoloader\Autoloader->loadClass('App\\Filters\\Aut...')
#3 C:\xampp\htdocs\kkp_login\system\CodeIgniter.php(436): CodeIgniter\Filters\Filters->run('/', 'after')
#4 C:\xampp\htdocs\kkp_login\system\CodeIgniter.php(326): CodeIgniter\CodeIgniter->handleRequest(NULL, Object(Config\Cache), false)
#5 C:\xampp\htdocs\kkp_login\index.php(37): CodeIgniter\CodeIgniter->run()
#6 {main}
CRITICAL - 2022-04-15 10:02:22 --> Call to undefined method CodeIgniter\Session\Session::gesession()
#0 C:\xampp\htdocs\kkp_login\system\Filters\Filters.php(173): App\Filters\AuthFilter->before(Object(CodeIgniter\HTTP\IncomingRequest), NULL)
#1 C:\xampp\htdocs\kkp_login\system\CodeIgniter.php(393): CodeIgniter\Filters\Filters->run('dashboard', 'before')
#2 C:\xampp\htdocs\kkp_login\system\CodeIgniter.php(326): CodeIgniter\CodeIgniter->handleRequest(NULL, Object(Config\Cache), false)
#3 C:\xampp\htdocs\kkp_login\index.php(37): CodeIgniter\CodeIgniter->run()
#4 {main}
CRITICAL - 2022-04-15 10:02:58 --> strpos(): Passing null to parameter #1 ($haystack) of type string is deprecated
#0 [internal function]: CodeIgniter\Debug\Exceptions->errorHandler(8192, 'strpos(): Passi...', 'C:\\xampp\\htdocs...', 413)
#1 C:\xampp\htdocs\kkp_login\system\Debug\Toolbar.php(413): strpos(NULL, '<head>')
#2 C:\xampp\htdocs\kkp_login\system\Filters\DebugToolbar.php(40): CodeIgniter\Debug\Toolbar->prepare(Object(CodeIgniter\HTTP\IncomingRequest), Object(CodeIgniter\HTTP\RedirectResponse))
#3 C:\xampp\htdocs\kkp_login\system\Filters\Filters.php(196): CodeIgniter\Filters\DebugToolbar->after(Object(CodeIgniter\HTTP\IncomingRequest), Object(CodeIgniter\HTTP\RedirectResponse), NULL)
#4 C:\xampp\htdocs\kkp_login\system\CodeIgniter.php(436): CodeIgniter\Filters\Filters->run('/', 'after')
#5 C:\xampp\htdocs\kkp_login\system\CodeIgniter.php(326): CodeIgniter\CodeIgniter->handleRequest(NULL, Object(Config\Cache), false)
#6 C:\xampp\htdocs\kkp_login\index.php(37): CodeIgniter\CodeIgniter->run()
#7 {main}
CRITICAL - 2022-04-15 10:03:38 --> strpos(): Passing null to parameter #1 ($haystack) of type string is deprecated
#0 [internal function]: CodeIgniter\Debug\Exceptions->errorHandler(8192, 'strpos(): Passi...', 'C:\\xampp\\htdocs...', 413)
#1 C:\xampp\htdocs\kkp_login\system\Debug\Toolbar.php(413): strpos(NULL, '<head>')
#2 C:\xampp\htdocs\kkp_login\system\Filters\DebugToolbar.php(40): CodeIgniter\Debug\Toolbar->prepare(Object(CodeIgniter\HTTP\IncomingRequest), Object(CodeIgniter\HTTP\RedirectResponse))
#3 C:\xampp\htdocs\kkp_login\system\Filters\Filters.php(196): CodeIgniter\Filters\DebugToolbar->after(Object(CodeIgniter\HTTP\IncomingRequest), Object(CodeIgniter\HTTP\RedirectResponse), NULL)
#4 C:\xampp\htdocs\kkp_login\system\CodeIgniter.php(436): CodeIgniter\Filters\Filters->run('/', 'after')
#5 C:\xampp\htdocs\kkp_login\system\CodeIgniter.php(326): CodeIgniter\CodeIgniter->handleRequest(NULL, Object(Config\Cache), false)
#6 C:\xampp\htdocs\kkp_login\index.php(37): CodeIgniter\CodeIgniter->run()
#7 {main}
CRITICAL - 2022-04-15 10:03:44 --> strpos(): Passing null to parameter #1 ($haystack) of type string is deprecated
#0 [internal function]: CodeIgniter\Debug\Exceptions->errorHandler(8192, 'strpos(): Passi...', 'C:\\xampp\\htdocs...', 413)
#1 C:\xampp\htdocs\kkp_login\system\Debug\Toolbar.php(413): strpos(NULL, '<head>')
#2 C:\xampp\htdocs\kkp_login\system\Filters\DebugToolbar.php(40): CodeIgniter\Debug\Toolbar->prepare(Object(CodeIgniter\HTTP\IncomingRequest), Object(CodeIgniter\HTTP\RedirectResponse))
#3 C:\xampp\htdocs\kkp_login\system\Filters\Filters.php(196): CodeIgniter\Filters\DebugToolbar->after(Object(CodeIgniter\HTTP\IncomingRequest), Object(CodeIgniter\HTTP\RedirectResponse), NULL)
#4 C:\xampp\htdocs\kkp_login\system\CodeIgniter.php(436): CodeIgniter\Filters\Filters->run('/', 'after')
#5 C:\xampp\htdocs\kkp_login\system\CodeIgniter.php(326): CodeIgniter\CodeIgniter->handleRequest(NULL, Object(Config\Cache), false)
#6 C:\xampp\htdocs\kkp_login\index.php(37): CodeIgniter\CodeIgniter->run()
#7 {main}
CRITICAL - 2022-04-15 10:04:14 --> strpos(): Passing null to parameter #1 ($haystack) of type string is deprecated
#0 [internal function]: CodeIgniter\Debug\Exceptions->errorHandler(8192, 'strpos(): Passi...', 'C:\\xampp\\htdocs...', 413)
#1 C:\xampp\htdocs\kkp_login\system\Debug\Toolbar.php(413): strpos(NULL, '<head>')
#2 C:\xampp\htdocs\kkp_login\system\Filters\DebugToolbar.php(40): CodeIgniter\Debug\Toolbar->prepare(Object(CodeIgniter\HTTP\IncomingRequest), Object(CodeIgniter\HTTP\RedirectResponse))
#3 C:\xampp\htdocs\kkp_login\system\Filters\Filters.php(196): CodeIgniter\Filters\DebugToolbar->after(Object(CodeIgniter\HTTP\IncomingRequest), Object(CodeIgniter\HTTP\RedirectResponse), NULL)
#4 C:\xampp\htdocs\kkp_login\system\CodeIgniter.php(436): CodeIgniter\Filters\Filters->run('/', 'after')
#5 C:\xampp\htdocs\kkp_login\system\CodeIgniter.php(326): CodeIgniter\CodeIgniter->handleRequest(NULL, Object(Config\Cache), false)
#6 C:\xampp\htdocs\kkp_login\index.php(37): CodeIgniter\CodeIgniter->run()
#7 {main}
CRITICAL - 2022-04-15 10:33:57 --> strpos(): Passing null to parameter #1 ($haystack) of type string is deprecated
#0 [internal function]: CodeIgniter\Debug\Exceptions->errorHandler(8192, 'strpos(): Passi...', 'C:\\xampp\\htdocs...', 413)
#1 C:\xampp\htdocs\kkp_login\system\Debug\Toolbar.php(413): strpos(NULL, '<head>')
#2 C:\xampp\htdocs\kkp_login\system\Filters\DebugToolbar.php(40): CodeIgniter\Debug\Toolbar->prepare(Object(CodeIgniter\HTTP\IncomingRequest), Object(CodeIgniter\HTTP\RedirectResponse))
#3 C:\xampp\htdocs\kkp_login\system\Filters\Filters.php(196): CodeIgniter\Filters\DebugToolbar->after(Object(CodeIgniter\HTTP\IncomingRequest), Object(CodeIgniter\HTTP\RedirectResponse), NULL)
#4 C:\xampp\htdocs\kkp_login\system\CodeIgniter.php(436): CodeIgniter\Filters\Filters->run('/', 'after')
#5 C:\xampp\htdocs\kkp_login\system\CodeIgniter.php(326): CodeIgniter\CodeIgniter->handleRequest(NULL, Object(Config\Cache), false)
#6 C:\xampp\htdocs\kkp_login\index.php(37): CodeIgniter\CodeIgniter->run()
#7 {main}
CRITICAL - 2022-04-15 10:34:42 --> strpos(): Passing null to parameter #1 ($haystack) of type string is deprecated
#0 [internal function]: CodeIgniter\Debug\Exceptions->errorHandler(8192, 'strpos(): Passi...', 'C:\\xampp\\htdocs...', 413)
#1 C:\xampp\htdocs\kkp_login\system\Debug\Toolbar.php(413): strpos(NULL, '<head>')
#2 C:\xampp\htdocs\kkp_login\system\Filters\DebugToolbar.php(40): CodeIgniter\Debug\Toolbar->prepare(Object(CodeIgniter\HTTP\IncomingRequest), Object(CodeIgniter\HTTP\RedirectResponse))
#3 C:\xampp\htdocs\kkp_login\system\Filters\Filters.php(196): CodeIgniter\Filters\DebugToolbar->after(Object(CodeIgniter\HTTP\IncomingRequest), Object(CodeIgniter\HTTP\RedirectResponse), NULL)
#4 C:\xampp\htdocs\kkp_login\system\CodeIgniter.php(436): CodeIgniter\Filters\Filters->run('register', 'after')
#5 C:\xampp\htdocs\kkp_login\system\CodeIgniter.php(326): CodeIgniter\CodeIgniter->handleRequest(NULL, Object(Config\Cache), false)
#6 C:\xampp\htdocs\kkp_login\index.php(37): CodeIgniter\CodeIgniter->run()
#7 {main}
CRITICAL - 2022-04-15 10:34:44 --> strpos(): Passing null to parameter #1 ($haystack) of type string is deprecated
#0 [internal function]: CodeIgniter\Debug\Exceptions->errorHandler(8192, 'strpos(): Passi...', 'C:\\xampp\\htdocs...', 413)
#1 C:\xampp\htdocs\kkp_login\system\Debug\Toolbar.php(413): strpos(NULL, '<head>')
#2 C:\xampp\htdocs\kkp_login\system\Filters\DebugToolbar.php(40): CodeIgniter\Debug\Toolbar->prepare(Object(CodeIgniter\HTTP\IncomingRequest), Object(CodeIgniter\HTTP\RedirectResponse))
#3 C:\xampp\htdocs\kkp_login\system\Filters\Filters.php(196): CodeIgniter\Filters\DebugToolbar->after(Object(CodeIgniter\HTTP\IncomingRequest), Object(CodeIgniter\HTTP\RedirectResponse), NULL)
#4 C:\xampp\htdocs\kkp_login\system\CodeIgniter.php(436): CodeIgniter\Filters\Filters->run('register', 'after')
#5 C:\xampp\htdocs\kkp_login\system\CodeIgniter.php(326): CodeIgniter\CodeIgniter->handleRequest(NULL, Object(Config\Cache), false)
#6 C:\xampp\htdocs\kkp_login\index.php(37): CodeIgniter\CodeIgniter->run()
#7 {main}
CRITICAL - 2022-04-15 10:36:11 --> strpos(): Passing null to parameter #1 ($haystack) of type string is deprecated
#0 [internal function]: CodeIgniter\Debug\Exceptions->errorHandler(8192, 'strpos(): Passi...', 'C:\\xampp\\htdocs...', 413)
#1 C:\xampp\htdocs\kkp_login\system\Debug\Toolbar.php(413): strpos(NULL, '<head>')
#2 C:\xampp\htdocs\kkp_login\system\Filters\DebugToolbar.php(40): CodeIgniter\Debug\Toolbar->prepare(Object(CodeIgniter\HTTP\IncomingRequest), Object(CodeIgniter\HTTP\RedirectResponse))
#3 C:\xampp\htdocs\kkp_login\system\Filters\Filters.php(196): CodeIgniter\Filters\DebugToolbar->after(Object(CodeIgniter\HTTP\IncomingRequest), Object(CodeIgniter\HTTP\RedirectResponse), NULL)
#4 C:\xampp\htdocs\kkp_login\system\CodeIgniter.php(436): CodeIgniter\Filters\Filters->run('home_anggota', 'after')
#5 C:\xampp\htdocs\kkp_login\system\CodeIgniter.php(326): CodeIgniter\CodeIgniter->handleRequest(NULL, Object(Config\Cache), false)
#6 C:\xampp\htdocs\kkp_login\index.php(37): CodeIgniter\CodeIgniter->run()
#7 {main}
CRITICAL - 2022-04-15 21:36:17 --> strpos(): Passing null to parameter #1 ($haystack) of type string is deprecated
#0 [internal function]: CodeIgniter\Debug\Exceptions->errorHandler(8192, 'strpos(): Passi...', 'C:\\xampp\\htdocs...', 413)
#1 C:\xampp\htdocs\kkp_login\system\Debug\Toolbar.php(413): strpos(NULL, '<head>')
#2 C:\xampp\htdocs\kkp_login\system\Filters\DebugToolbar.php(40): CodeIgniter\Debug\Toolbar->prepare(Object(CodeIgniter\HTTP\IncomingRequest), Object(CodeIgniter\HTTP\RedirectResponse))
#3 C:\xampp\htdocs\kkp_login\system\Filters\Filters.php(196): CodeIgniter\Filters\DebugToolbar->after(Object(CodeIgniter\HTTP\IncomingRequest), Object(CodeIgniter\HTTP\RedirectResponse), NULL)
#4 C:\xampp\htdocs\kkp_login\system\CodeIgniter.php(436): CodeIgniter\Filters\Filters->run('/', 'after')
#5 C:\xampp\htdocs\kkp_login\system\CodeIgniter.php(326): CodeIgniter\CodeIgniter->handleRequest(NULL, Object(Config\Cache), false)
#6 C:\xampp\htdocs\kkp_login\index.php(37): CodeIgniter\CodeIgniter->run()
#7 {main}
CRITICAL - 2022-04-15 22:43:31 --> syntax error, unexpected token "}", expecting "," or ";"
#0 C:\xampp\htdocs\kkp_login\system\Autoloader\Autoloader.php(241): CodeIgniter\Autoloader\Autoloader->includeFile('C:\\xampp\\htdocs...')
#1 C:\xampp\htdocs\kkp_login\system\Autoloader\Autoloader.php(219): CodeIgniter\Autoloader\Autoloader->loadInNamespace('Config\\Filters')
#2 [internal function]: CodeIgniter\Autoloader\Autoloader->loadClass('Config\\Filters')
#3 C:\xampp\htdocs\kkp_login\system\Config\Factories.php(136): class_exists('Config\\Filters')
#4 C:\xampp\htdocs\kkp_login\system\Config\Factories.php(106): CodeIgniter\Config\Factories::locateClass(Array, 'Filters')
#5 C:\xampp\htdocs\kkp_login\system\Common.php(198): CodeIgniter\Config\Factories::__callStatic('config', Array)
#6 C:\xampp\htdocs\kkp_login\system\Config\Services.php(258): config('Filters')
#7 C:\xampp\htdocs\kkp_login\system\Config\BaseService.php(248): CodeIgniter\Config\Services::filters(NULL, false)
#8 C:\xampp\htdocs\kkp_login\system\Config\BaseService.php(189): CodeIgniter\Config\BaseService::__callStatic('filters', Array)
#9 C:\xampp\htdocs\kkp_login\system\Config\Services.php(255): CodeIgniter\Config\BaseService::getSharedInstance('filters', NULL)
#10 C:\xampp\htdocs\kkp_login\system\Config\BaseService.php(248): CodeIgniter\Config\Services::filters()
#11 C:\xampp\htdocs\kkp_login\system\CodeIgniter.php(373): CodeIgniter\Config\BaseService::__callStatic('filters', Array)
#12 C:\xampp\htdocs\kkp_login\system\CodeIgniter.php(326): CodeIgniter\CodeIgniter->handleRequest(NULL, Object(Config\Cache), false)
#13 C:\xampp\htdocs\kkp_login\index.php(37): CodeIgniter\CodeIgniter->run()
#14 {main}
CRITICAL - 2022-04-15 23:27:13 --> strpos(): Passing null to parameter #1 ($haystack) of type string is deprecated
#0 [internal function]: CodeIgniter\Debug\Exceptions->errorHandler(8192, 'strpos(): Passi...', 'C:\\xampp\\htdocs...', 413)
#1 C:\xampp\htdocs\kkp_login\system\Debug\Toolbar.php(413): strpos(NULL, '<head>')
#2 C:\xampp\htdocs\kkp_login\system\Filters\DebugToolbar.php(40): CodeIgniter\Debug\Toolbar->prepare(Object(CodeIgniter\HTTP\IncomingRequest), Object(CodeIgniter\HTTP\RedirectResponse))
#3 C:\xampp\htdocs\kkp_login\system\Filters\Filters.php(196): CodeIgniter\Filters\DebugToolbar->after(Object(CodeIgniter\HTTP\IncomingRequest), Object(CodeIgniter\HTTP\RedirectResponse), NULL)
#4 C:\xampp\htdocs\kkp_login\system\CodeIgniter.php(436): CodeIgniter\Filters\Filters->run('/', 'after')
#5 C:\xampp\htdocs\kkp_login\system\CodeIgniter.php(326): CodeIgniter\CodeIgniter->handleRequest(NULL, Object(Config\Cache), false)
#6 C:\xampp\htdocs\kkp_login\index.php(37): CodeIgniter\CodeIgniter->run()
#7 {main}
